Using pre-set license
Built from '2021.3/release' branch; Version is '2021.3.12f1 (8af3c3e441b1) revision 9106371'; Using compiler version '192829333'; Build Type 'Release'
OS: 'Windows 10  (10.0.19044) 64bit Core' Language: 'de' Physical Memory: 32698 MB
BatchMode: 1, IsHumanControllingUs: 0, StartBugReporterOnCrash: 0, Is64bit: 1, IsPro: 1

COMMAND LINE ARGUMENTS:
C:\Program Files\Unity\Hub\Editor\2021.3.12f1\Editor\Unity.exe
-adb2
-batchMode
-noUpm
-name
AssetImportWorker2
-projectPath
C:/Users/henri/source/repos/Tower-Defense/Tower Defense
-logFile
Logs/AssetImportWorker2.log
-srvPort
49481
Successfully changed project path to: C:/Users/henri/source/repos/Tower-Defense/Tower Defense
C:/Users/henri/source/repos/Tower-Defense/Tower Defense
[UnityMemory] Configuration Parameters - Can be set up in boot.config
    "memorysetup-bucket-allocator-granularity=16"
    "memorysetup-bucket-allocator-bucket-count=8"
    "memorysetup-bucket-allocator-block-size=33554432"
    "memorysetup-bucket-allocator-block-count=8"
    "memorysetup-main-allocator-block-size=16777216"
    "memorysetup-thread-allocator-block-size=16777216"
    "memorysetup-gfx-main-allocator-block-size=16777216"
    "memorysetup-gfx-thread-allocator-block-size=16777216"
    "memorysetup-cache-allocator-block-size=4194304"
    "memorysetup-typetree-allocator-block-size=2097152"
    "memorysetup-profiler-bucket-allocator-granularity=16"
    "memorysetup-profiler-bucket-allocator-bucket-count=8"
    "memorysetup-profiler-bucket-allocator-block-size=33554432"
    "memorysetup-profiler-bucket-allocator-block-count=8"
    "memorysetup-profiler-allocator-block-size=16777216"
    "memorysetup-profiler-editor-allocator-block-size=1048576"
    "memorysetup-temp-allocator-size-main=16777216"
    "memorysetup-job-temp-allocator-block-size=2097152"
    "memorysetup-job-temp-allocator-block-size-background=1048576"
    "memorysetup-job-temp-allocator-reduction-small-platforms=262144"
    "memorysetup-temp-allocator-size-background-worker=32768"
    "memorysetup-temp-allocator-size-job-worker=262144"
    "memorysetup-temp-allocator-size-preload-manager=33554432"
    "memorysetup-temp-allocator-size-nav-mesh-worker=65536"
    "memorysetup-temp-allocator-size-audio-worker=65536"
    "memorysetup-temp-allocator-size-cloud-worker=32768"
    "memorysetup-temp-allocator-size-gi-baking-worker=262144"
    "memorysetup-temp-allocator-size-gfx=262144"
Refreshing native plugins compatible for Editor in 87.53 ms, found 3 plugins.
Preloading 0 native plugins for Editor in 0.00 ms.
Initialize engine version: 2021.3.12f1 (8af3c3e441b1)
[Subsystems] Discovering subsystems at path C:/Program Files/Unity/Hub/Editor/2021.3.12f1/Editor/Data/Resources/UnitySubsystems
[Subsystems] Discovering subsystems at path C:/Users/henri/source/repos/Tower-Defense/Tower Defense/Assets
GfxDevice: creating device client; threaded=0; jobified=0
Direct3D:
    Version:  Direct3D 11.0 [level 11.1]
    Renderer: NVIDIA GeForce RTX 2060 (ID=0x1f08)
    Vendor:   NVIDIA
    VRAM:     5968 MB
    Driver:   31.0.15.2756
Initialize mono
Mono path[0] = 'C:/Program Files/Unity/Hub/Editor/2021.3.12f1/Editor/Data/Managed'
Mono path[1] = 'C:/Program Files/Unity/Hub/Editor/2021.3.12f1/Editor/Data/MonoBleedingEdge/lib/mono/unityjit-win32'
Mono config path = 'C:/Program Files/Unity/Hub/Editor/2021.3.12f1/Editor/Data/MonoBleedingEdge/etc'
Using monoOptions --debugger-agent=transport=dt_socket,embedding=1,server=y,suspend=n,address=127.0.0.1:56044
Begin MonoManager ReloadAssembly
Registering precompiled unity dll's ...
Register platform support module: C:/Program Files/Unity/Hub/Editor/2021.3.12f1/Editor/Data/PlaybackEngines/WindowsStandaloneSupport/UnityEditor.WindowsStandalone.Extensions.dll
Registered in 0.011833 seconds.
Native extension for WindowsStandalone target not found
Refreshing native plugins compatible for Editor in 78.16 ms, found 3 plugins.
Preloading 0 native plugins for Editor in 0.00 ms.
Mono: successfully reloaded assembly
- Completed reload, in  0.743 seconds
Domain Reload Profiling:
	ReloadAssembly (743ms)
		BeginReloadAssembly (91ms)
			ExecutionOrderSort (0ms)
			DisableScriptedObjects (0ms)
			BackupInstance (0ms)
			ReleaseScriptingObjects (0ms)
			CreateAndSetChildDomain (1ms)
		EndReloadAssembly (513ms)
			LoadAssemblies (86ms)
			RebuildTransferFunctionScriptingTraits (0ms)
			SetupTypeCache (112ms)
			ReleaseScriptCaches (0ms)
			RebuildScriptCaches (30ms)
			SetupLoadedEditorAssemblies (307ms)
				LogAssemblyErrors (0ms)
				InitializePlatformSupportModulesInManaged (10ms)
				SetLoadedEditorAssemblies (0ms)
				RefreshPlugins (78ms)
				BeforeProcessingInitializeOnLoad (1ms)
				ProcessInitializeOnLoadAttributes (164ms)
				ProcessInitializeOnLoadMethodAttributes (53ms)
				AfterProcessingInitializeOnLoad (0ms)
				EditorAssembliesLoaded (0ms)
			ExecutionOrderSort2 (0ms)
			AwakeInstancesAfterBackupRestoration (0ms)
Platform modules already initialized, skipping
Registering precompiled user dll's ...
Registered in 0.010264 seconds.
Begin MonoManager ReloadAssembly
Symbol file LoadedFromMemory doesn't match image C:\Users\henri\source\repos\Tower-Defense\Tower Defense\Library\PackageCache\com.unity.visualscripting@1.7.8\Editor\VisualScripting.Core\Dependencies\YamlDotNet\Unity.VisualScripting.YamlDotNet.dll
Symbol file LoadedFromMemory doesn't match image C:\Users\henri\source\repos\Tower-Defense\Tower Defense\Library\PackageCache\com.unity.visualscripting@1.7.8\Editor\VisualScripting.Core\Dependencies\DotNetZip\Unity.VisualScripting.IonicZip.dll
Native extension for WindowsStandalone target not found
Refreshing native plugins compatible for Editor in 0.57 ms, found 3 plugins.
Preloading 0 native plugins for Editor in 0.00 ms.
Mono: successfully reloaded assembly
- Completed reload, in  1.202 seconds
Domain Reload Profiling:
	ReloadAssembly (1203ms)
		BeginReloadAssembly (128ms)
			ExecutionOrderSort (0ms)
			DisableScriptedObjects (7ms)
			BackupInstance (0ms)
			ReleaseScriptingObjects (0ms)
			CreateAndSetChildDomain (20ms)
		EndReloadAssembly (930ms)
			LoadAssemblies (104ms)
			RebuildTransferFunctionScriptingTraits (0ms)
			SetupTypeCache (290ms)
			ReleaseScriptCaches (1ms)
			RebuildScriptCaches (55ms)
			SetupLoadedEditorAssemblies (438ms)
				LogAssemblyErrors (0ms)
				InitializePlatformSupportModulesInManaged (7ms)
				SetLoadedEditorAssemblies (1ms)
				RefreshPlugins (1ms)
				BeforeProcessingInitializeOnLoad (100ms)
				ProcessInitializeOnLoadAttributes (280ms)
				ProcessInitializeOnLoadMethodAttributes (34ms)
				AfterProcessingInitializeOnLoad (14ms)
				EditorAssembliesLoaded (0ms)
			ExecutionOrderSort2 (0ms)
			AwakeInstancesAfterBackupRestoration (6ms)
Platform modules already initialized, skipping
========================================================================
Worker process is ready to serve import requests
Launched and connected shader compiler UnityShaderCompiler.exe after 0.05 seconds
Refreshing native plugins compatible for Editor in 0.88 ms, found 3 plugins.
Preloading 0 native plugins for Editor in 0.00 ms.
Unloading 3359 Unused Serialized files (Serialized files now loaded: 0)
Unloading 25 unused Assets / (56.4 KB). Loaded Objects now: 3819.
Memory consumption went from 115.5 MB to 115.5 MB.
Total: 3.309900 ms (FindLiveObjects: 0.307800 ms CreateObjectMapping: 0.090400 ms MarkObjects: 2.811200 ms  DeleteObjects: 0.099500 ms)

AssetImportParameters requested are different than current active one (requested -> active):
  custom:video-decoder-ogg-theora: a1e56fd34408186e4bbccfd4996cb3dc -> 
  custom:container-muxer-webm: aa71ff27fc2769a1b78a27578f13a17b -> 
  custom:container-demuxer-webm: 4f35f7cbe854078d1ac9338744f61a02 -> 
  custom:video-encoder-webm-vp8: eb34c28f22e8b96e1ab97ce403110664 -> 
  custom:audio-encoder-webm-vorbis: bf7c407c2cedff20999df2af8eb42d56 -> 
  custom:framework-win-MediaFoundation: 216162199b28c13a410421893ffa2e32 -> 
  custom:container-demuxer-ogg: 62fdf1f143b41e24485cea50d1cbac27 -> 
  custom:video-decoder-webm-vp8: 9c59270c3fd7afecdb556c50c9e8de78 -> 
  custom:audio-decoder-ogg-vorbis: bf7c407c2cedff20999df2af8eb42d56 -> 
========================================================================
Received Prepare
Registering precompiled user dll's ...
Registered in 0.010514 seconds.
Begin MonoManager ReloadAssembly
Symbol file LoadedFromMemory doesn't match image C:\Users\henri\source\repos\Tower-Defense\Tower Defense\Library\PackageCache\com.unity.visualscripting@1.7.8\Editor\VisualScripting.Core\Dependencies\YamlDotNet\Unity.VisualScripting.YamlDotNet.dll
Symbol file LoadedFromMemory doesn't match image C:\Users\henri\source\repos\Tower-Defense\Tower Defense\Library\PackageCache\com.unity.visualscripting@1.7.8\Editor\VisualScripting.Core\Dependencies\DotNetZip\Unity.VisualScripting.IonicZip.dll
Native extension for WindowsStandalone target not found
Refreshing native plugins compatible for Editor in 0.59 ms, found 3 plugins.
Preloading 0 native plugins for Editor in 0.00 ms.
Mono: successfully reloaded assembly
- Completed reload, in  1.261 seconds
Domain Reload Profiling:
	ReloadAssembly (1262ms)
		BeginReloadAssembly (168ms)
			ExecutionOrderSort (0ms)
			DisableScriptedObjects (7ms)
			BackupInstance (0ms)
			ReleaseScriptingObjects (0ms)
			CreateAndSetChildDomain (38ms)
		EndReloadAssembly (968ms)
			LoadAssemblies (115ms)
			RebuildTransferFunctionScriptingTraits (0ms)
			SetupTypeCache (308ms)
			ReleaseScriptCaches (2ms)
			RebuildScriptCaches (47ms)
			SetupLoadedEditorAssemblies (450ms)
				LogAssemblyErrors (0ms)
				InitializePlatformSupportModulesInManaged (17ms)
				SetLoadedEditorAssemblies (1ms)
				RefreshPlugins (1ms)
				BeforeProcessingInitializeOnLoad (99ms)
				ProcessInitializeOnLoadAttributes (283ms)
				ProcessInitializeOnLoadMethodAttributes (33ms)
				AfterProcessingInitializeOnLoad (15ms)
				EditorAssembliesLoaded (0ms)
			ExecutionOrderSort2 (0ms)
			AwakeInstancesAfterBackupRestoration (7ms)
Platform modules already initialized, skipping
Refreshing native plugins compatible for Editor in 3.18 ms, found 3 plugins.
Preloading 0 native plugins for Editor in 0.00 ms.
Unloading 3352 Unused Serialized files (Serialized files now loaded: 0)
Unloading 18 unused Assets / (24.6 KB). Loaded Objects now: 3822.
Memory consumption went from 115.2 MB to 115.2 MB.
Total: 3.765500 ms (FindLiveObjects: 0.300400 ms CreateObjectMapping: 0.078800 ms MarkObjects: 3.353800 ms  DeleteObjects: 0.031300 ms)

AssetImportParameters requested are different than current active one (requested -> active):
  custom:video-decoder-ogg-theora: a1e56fd34408186e4bbccfd4996cb3dc -> 
  custom:container-muxer-webm: aa71ff27fc2769a1b78a27578f13a17b -> 
  custom:container-demuxer-webm: 4f35f7cbe854078d1ac9338744f61a02 -> 
  custom:video-encoder-webm-vp8: eb34c28f22e8b96e1ab97ce403110664 -> 
  custom:audio-encoder-webm-vorbis: bf7c407c2cedff20999df2af8eb42d56 -> 
  custom:framework-win-MediaFoundation: 216162199b28c13a410421893ffa2e32 -> 
  custom:container-demuxer-ogg: 62fdf1f143b41e24485cea50d1cbac27 -> 
  custom:video-decoder-webm-vp8: 9c59270c3fd7afecdb556c50c9e8de78 -> 
  custom:audio-decoder-ogg-vorbis: bf7c407c2cedff20999df2af8eb42d56 -> 
========================================================================
Received Import Request.
  Time since last request: 9731.511790 seconds.
  path: Assets/Prefabs/WaveSpawner.prefab
  artifactKey: Guid(53d02181f9b1b6642bf2601b2b30cd97) Importer(815301076,1909f56bfc062723c751e8b465ee728b)
Start importing Assets/Prefabs/WaveSpawner.prefab using Guid(53d02181f9b1b6642bf2601b2b30cd97) Importer(815301076,1909f56bfc062723c751e8b465ee728b)  -> (artifact id: 'e839c06953343255c1f14f6f5a6c00ef') in 0.052886 seconds 
========================================================================
Received Import Request.
  Time since last request: 61.522152 seconds.
  path: Assets/Enemies/Basic/Enemy_Basic.cs
  artifactKey: Guid(56d1856a865af16469f5f1a3c91adf8b) Importer(815301076,1909f56bfc062723c751e8b465ee728b)
Start importing Assets/Enemies/Basic/Enemy_Basic.cs using Guid(56d1856a865af16469f5f1a3c91adf8b) Importer(815301076,1909f56bfc062723c751e8b465ee728b)  -> (artifact id: '978e704b95ab542794048d28d746e443') in 0.006857 seconds 
========================================================================
Received Prepare
Registering precompiled user dll's ...
Registered in 0.010294 seconds.
Begin MonoManager ReloadAssembly
Symbol file LoadedFromMemory doesn't match image C:\Users\henri\source\repos\Tower-Defense\Tower Defense\Library\PackageCache\com.unity.visualscripting@1.7.8\Editor\VisualScripting.Core\Dependencies\YamlDotNet\Unity.VisualScripting.YamlDotNet.dll
Symbol file LoadedFromMemory doesn't match image C:\Users\henri\source\repos\Tower-Defense\Tower Defense\Library\PackageCache\com.unity.visualscripting@1.7.8\Editor\VisualScripting.Core\Dependencies\DotNetZip\Unity.VisualScripting.IonicZip.dll
Native extension for WindowsStandalone target not found
Refreshing native plugins compatible for Editor in 0.83 ms, found 3 plugins.
Preloading 0 native plugins for Editor in 0.00 ms.
Mono: successfully reloaded assembly
- Completed reload, in  1.157 seconds
Domain Reload Profiling:
	ReloadAssembly (1158ms)
		BeginReloadAssembly (166ms)
			ExecutionOrderSort (0ms)
			DisableScriptedObjects (6ms)
			BackupInstance (0ms)
			ReleaseScriptingObjects (0ms)
			CreateAndSetChildDomain (36ms)
		EndReloadAssembly (861ms)
			LoadAssemblies (117ms)
			RebuildTransferFunctionScriptingTraits (0ms)
			SetupTypeCache (276ms)
			ReleaseScriptCaches (1ms)
			RebuildScriptCaches (47ms)
			SetupLoadedEditorAssemblies (387ms)
				LogAssemblyErrors (0ms)
				InitializePlatformSupportModulesInManaged (17ms)
				SetLoadedEditorAssemblies (1ms)
				RefreshPlugins (1ms)
				BeforeProcessingInitializeOnLoad (79ms)
				ProcessInitializeOnLoadAttributes (242ms)
				ProcessInitializeOnLoadMethodAttributes (32ms)
				AfterProcessingInitializeOnLoad (16ms)
				EditorAssembliesLoaded (0ms)
			ExecutionOrderSort2 (0ms)
			AwakeInstancesAfterBackupRestoration (6ms)
Platform modules already initialized, skipping
Refreshing native plugins compatible for Editor in 3.29 ms, found 3 plugins.
Preloading 0 native plugins for Editor in 0.00 ms.
Unloading 3352 Unused Serialized files (Serialized files now loaded: 0)
Unloading 18 unused Assets / (24.7 KB). Loaded Objects now: 3827.
Memory consumption went from 115.3 MB to 115.3 MB.
Total: 2.936900 ms (FindLiveObjects: 0.251700 ms CreateObjectMapping: 0.073400 ms MarkObjects: 2.585300 ms  DeleteObjects: 0.025600 ms)

AssetImportParameters requested are different than current active one (requested -> active):
  custom:video-decoder-ogg-theora: a1e56fd34408186e4bbccfd4996cb3dc -> 
  custom:container-muxer-webm: aa71ff27fc2769a1b78a27578f13a17b -> 
  custom:container-demuxer-webm: 4f35f7cbe854078d1ac9338744f61a02 -> 
  custom:video-encoder-webm-vp8: eb34c28f22e8b96e1ab97ce403110664 -> 
  custom:audio-encoder-webm-vorbis: bf7c407c2cedff20999df2af8eb42d56 -> 
  custom:framework-win-MediaFoundation: 216162199b28c13a410421893ffa2e32 -> 
  custom:container-demuxer-ogg: 62fdf1f143b41e24485cea50d1cbac27 -> 
  custom:video-decoder-webm-vp8: 9c59270c3fd7afecdb556c50c9e8de78 -> 
  custom:audio-decoder-ogg-vorbis: bf7c407c2cedff20999df2af8eb42d56 -> 
========================================================================
Received Prepare
Registering precompiled user dll's ...
Registered in 0.009523 seconds.
Begin MonoManager ReloadAssembly
Symbol file LoadedFromMemory doesn't match image C:\Users\henri\source\repos\Tower-Defense\Tower Defense\Library\PackageCache\com.unity.visualscripting@1.7.8\Editor\VisualScripting.Core\Dependencies\YamlDotNet\Unity.VisualScripting.YamlDotNet.dll
Symbol file LoadedFromMemory doesn't match image C:\Users\henri\source\repos\Tower-Defense\Tower Defense\Library\PackageCache\com.unity.visualscripting@1.7.8\Editor\VisualScripting.Core\Dependencies\DotNetZip\Unity.VisualScripting.IonicZip.dll
Native extension for WindowsStandalone target not found
Refreshing native plugins compatible for Editor in 0.57 ms, found 3 plugins.
Preloading 0 native plugins for Editor in 0.00 ms.
Mono: successfully reloaded assembly
- Completed reload, in  1.172 seconds
Domain Reload Profiling:
	ReloadAssembly (1172ms)
		BeginReloadAssembly (162ms)
			ExecutionOrderSort (0ms)
			DisableScriptedObjects (6ms)
			BackupInstance (0ms)
			ReleaseScriptingObjects (0ms)
			CreateAndSetChildDomain (39ms)
		EndReloadAssembly (878ms)
			LoadAssemblies (113ms)
			RebuildTransferFunctionScriptingTraits (0ms)
			SetupTypeCache (291ms)
			ReleaseScriptCaches (1ms)
			RebuildScriptCaches (45ms)
			SetupLoadedEditorAssemblies (388ms)
				LogAssemblyErrors (0ms)
				InitializePlatformSupportModulesInManaged (15ms)
				SetLoadedEditorAssemblies (1ms)
				RefreshPlugins (1ms)
				BeforeProcessingInitializeOnLoad (86ms)
				ProcessInitializeOnLoadAttributes (240ms)
				ProcessInitializeOnLoadMethodAttributes (29ms)
				AfterProcessingInitializeOnLoad (16ms)
				EditorAssembliesLoaded (0ms)
			ExecutionOrderSort2 (0ms)
			AwakeInstancesAfterBackupRestoration (6ms)
Platform modules already initialized, skipping
Refreshing native plugins compatible for Editor in 2.39 ms, found 3 plugins.
Preloading 0 native plugins for Editor in 0.00 ms.
Unloading 3352 Unused Serialized files (Serialized files now loaded: 0)
Unloading 18 unused Assets / (24.7 KB). Loaded Objects now: 3830.
Memory consumption went from 115.3 MB to 115.3 MB.
Total: 3.559200 ms (FindLiveObjects: 0.241900 ms CreateObjectMapping: 0.081800 ms MarkObjects: 3.210800 ms  DeleteObjects: 0.023800 ms)

AssetImportParameters requested are different than current active one (requested -> active):
  custom:video-decoder-ogg-theora: a1e56fd34408186e4bbccfd4996cb3dc -> 
  custom:container-muxer-webm: aa71ff27fc2769a1b78a27578f13a17b -> 
  custom:container-demuxer-webm: 4f35f7cbe854078d1ac9338744f61a02 -> 
  custom:video-encoder-webm-vp8: eb34c28f22e8b96e1ab97ce403110664 -> 
  custom:audio-encoder-webm-vorbis: bf7c407c2cedff20999df2af8eb42d56 -> 
  custom:framework-win-MediaFoundation: 216162199b28c13a410421893ffa2e32 -> 
  custom:container-demuxer-ogg: 62fdf1f143b41e24485cea50d1cbac27 -> 
  custom:video-decoder-webm-vp8: 9c59270c3fd7afecdb556c50c9e8de78 -> 
  custom:audio-decoder-ogg-vorbis: bf7c407c2cedff20999df2af8eb42d56 -> 
========================================================================
Received Prepare
Registering precompiled user dll's ...
Registered in 0.009626 seconds.
Begin MonoManager ReloadAssembly
Symbol file LoadedFromMemory doesn't match image C:\Users\henri\source\repos\Tower-Defense\Tower Defense\Library\PackageCache\com.unity.visualscripting@1.7.8\Editor\VisualScripting.Core\Dependencies\YamlDotNet\Unity.VisualScripting.YamlDotNet.dll
Symbol file LoadedFromMemory doesn't match image C:\Users\henri\source\repos\Tower-Defense\Tower Defense\Library\PackageCache\com.unity.visualscripting@1.7.8\Editor\VisualScripting.Core\Dependencies\DotNetZip\Unity.VisualScripting.IonicZip.dll
Native extension for WindowsStandalone target not found
Refreshing native plugins compatible for Editor in 0.60 ms, found 3 plugins.
Preloading 0 native plugins for Editor in 0.00 ms.
Mono: successfully reloaded assembly
- Completed reload, in  1.184 seconds
Domain Reload Profiling:
	ReloadAssembly (1185ms)
		BeginReloadAssembly (164ms)
			ExecutionOrderSort (0ms)
			DisableScriptedObjects (6ms)
			BackupInstance (0ms)
			ReleaseScriptingObjects (0ms)
			CreateAndSetChildDomain (36ms)
		EndReloadAssembly (876ms)
			LoadAssemblies (109ms)
			RebuildTransferFunctionScriptingTraits (0ms)
			SetupTypeCache (290ms)
			ReleaseScriptCaches (1ms)
			RebuildScriptCaches (45ms)
			SetupLoadedEditorAssemblies (392ms)
				LogAssemblyErrors (0ms)
				InitializePlatformSupportModulesInManaged (15ms)
				SetLoadedEditorAssemblies (1ms)
				RefreshPlugins (1ms)
				BeforeProcessingInitializeOnLoad (86ms)
				ProcessInitializeOnLoadAttributes (242ms)
				ProcessInitializeOnLoadMethodAttributes (32ms)
				AfterProcessingInitializeOnLoad (16ms)
				EditorAssembliesLoaded (0ms)
			ExecutionOrderSort2 (0ms)
			AwakeInstancesAfterBackupRestoration (7ms)
Platform modules already initialized, skipping
Refreshing native plugins compatible for Editor in 2.57 ms, found 3 plugins.
Preloading 0 native plugins for Editor in 0.00 ms.
Unloading 3352 Unused Serialized files (Serialized files now loaded: 0)
Unloading 18 unused Assets / (24.7 KB). Loaded Objects now: 3833.
Memory consumption went from 115.3 MB to 115.3 MB.
Total: 3.061400 ms (FindLiveObjects: 0.284500 ms CreateObjectMapping: 0.075100 ms MarkObjects: 2.676100 ms  DeleteObjects: 0.024600 ms)

AssetImportParameters requested are different than current active one (requested -> active):
  custom:video-decoder-ogg-theora: a1e56fd34408186e4bbccfd4996cb3dc -> 
  custom:container-muxer-webm: aa71ff27fc2769a1b78a27578f13a17b -> 
  custom:container-demuxer-webm: 4f35f7cbe854078d1ac9338744f61a02 -> 
  custom:video-encoder-webm-vp8: eb34c28f22e8b96e1ab97ce403110664 -> 
  custom:audio-encoder-webm-vorbis: bf7c407c2cedff20999df2af8eb42d56 -> 
  custom:framework-win-MediaFoundation: 216162199b28c13a410421893ffa2e32 -> 
  custom:container-demuxer-ogg: 62fdf1f143b41e24485cea50d1cbac27 -> 
  custom:video-decoder-webm-vp8: 9c59270c3fd7afecdb556c50c9e8de78 -> 
  custom:audio-decoder-ogg-vorbis: bf7c407c2cedff20999df2af8eb42d56 -> 
========================================================================
Received Import Request.
  Time since last request: 89.537466 seconds.
  path: Assets/Enemies/Basic/Enemie_Basic.prefab
  artifactKey: Guid(b543ca457aff2324b83e3c9dccd7fbc9) Importer(815301076,1909f56bfc062723c751e8b465ee728b)
Start importing Assets/Enemies/Basic/Enemie_Basic.prefab using Guid(b543ca457aff2324b83e3c9dccd7fbc9) Importer(815301076,1909f56bfc062723c751e8b465ee728b)  -> (artifact id: '75f21a639d3fc1bc606f6a76c2fee783') in 0.110340 seconds 
========================================================================
Received Import Request.
  Time since last request: 4.763084 seconds.
  path: Assets/Scripts/Map/WaveSpawner.cs
  artifactKey: Guid(d913286e013ff6443819ce7b6e3426c1) Importer(815301076,1909f56bfc062723c751e8b465ee728b)
Start importing Assets/Scripts/Map/WaveSpawner.cs using Guid(d913286e013ff6443819ce7b6e3426c1) Importer(815301076,1909f56bfc062723c751e8b465ee728b)  -> (artifact id: 'e7c4ec5378231d5963391528596571da') in 0.002357 seconds 
========================================================================
Received Prepare
Registering precompiled user dll's ...
Registered in 0.010627 seconds.
Begin MonoManager ReloadAssembly
Symbol file LoadedFromMemory doesn't match image C:\Users\henri\source\repos\Tower-Defense\Tower Defense\Library\PackageCache\com.unity.visualscripting@1.7.8\Editor\VisualScripting.Core\Dependencies\YamlDotNet\Unity.VisualScripting.YamlDotNet.dll
Symbol file LoadedFromMemory doesn't match image C:\Users\henri\source\repos\Tower-Defense\Tower Defense\Library\PackageCache\com.unity.visualscripting@1.7.8\Editor\VisualScripting.Core\Dependencies\DotNetZip\Unity.VisualScripting.IonicZip.dll
Native extension for WindowsStandalone target not found
Refreshing native plugins compatible for Editor in 0.58 ms, found 3 plugins.
Preloading 0 native plugins for Editor in 0.00 ms.
Mono: successfully reloaded assembly
- Completed reload, in  1.144 seconds
Domain Reload Profiling:
	ReloadAssembly (1145ms)
		BeginReloadAssembly (158ms)
			ExecutionOrderSort (0ms)
			DisableScriptedObjects (6ms)
			BackupInstance (0ms)
			ReleaseScriptingObjects (0ms)
			CreateAndSetChildDomain (37ms)
		EndReloadAssembly (859ms)
			LoadAssemblies (103ms)
			RebuildTransferFunctionScriptingTraits (0ms)
			SetupTypeCache (269ms)
			ReleaseScriptCaches (2ms)
			RebuildScriptCaches (47ms)
			SetupLoadedEditorAssemblies (395ms)
				LogAssemblyErrors (0ms)
				InitializePlatformSupportModulesInManaged (15ms)
				SetLoadedEditorAssemblies (1ms)
				RefreshPlugins (1ms)
				BeforeProcessingInitializeOnLoad (84ms)
				ProcessInitializeOnLoadAttributes (244ms)
				ProcessInitializeOnLoadMethodAttributes (35ms)
				AfterProcessingInitializeOnLoad (15ms)
				EditorAssembliesLoaded (0ms)
			ExecutionOrderSort2 (0ms)
			AwakeInstancesAfterBackupRestoration (7ms)
Platform modules already initialized, skipping
Refreshing native plugins compatible for Editor in 2.71 ms, found 3 plugins.
Preloading 0 native plugins for Editor in 0.00 ms.
Unloading 3352 Unused Serialized files (Serialized files now loaded: 0)
Unloading 18 unused Assets / (24.7 KB). Loaded Objects now: 3844.
Memory consumption went from 119.7 MB to 119.7 MB.
Total: 3.337300 ms (FindLiveObjects: 0.315800 ms CreateObjectMapping: 0.080100 ms MarkObjects: 2.915500 ms  DeleteObjects: 0.024900 ms)

AssetImportParameters requested are different than current active one (requested -> active):
  custom:video-decoder-ogg-theora: a1e56fd34408186e4bbccfd4996cb3dc -> 
  custom:container-muxer-webm: aa71ff27fc2769a1b78a27578f13a17b -> 
  custom:container-demuxer-webm: 4f35f7cbe854078d1ac9338744f61a02 -> 
  custom:video-encoder-webm-vp8: eb34c28f22e8b96e1ab97ce403110664 -> 
  custom:audio-encoder-webm-vorbis: bf7c407c2cedff20999df2af8eb42d56 -> 
  custom:framework-win-MediaFoundation: 216162199b28c13a410421893ffa2e32 -> 
  custom:container-demuxer-ogg: 62fdf1f143b41e24485cea50d1cbac27 -> 
  custom:video-decoder-webm-vp8: 9c59270c3fd7afecdb556c50c9e8de78 -> 
  custom:audio-decoder-ogg-vorbis: bf7c407c2cedff20999df2af8eb42d56 -> 
========================================================================
Received Import Request.
  Time since last request: 139.494136 seconds.
  path: Assets/Prefabs/WaveSpawner.prefab
  artifactKey: Guid(53d02181f9b1b6642bf2601b2b30cd97) Importer(815301076,1909f56bfc062723c751e8b465ee728b)
Start importing Assets/Prefabs/WaveSpawner.prefab using Guid(53d02181f9b1b6642bf2601b2b30cd97) Importer(815301076,1909f56bfc062723c751e8b465ee728b)  -> (artifact id: '3c985842a1e0320127782a146fab8c8b') in 0.033339 seconds 
========================================================================
Received Import Request.
  Time since last request: 2.008959 seconds.
  path: Assets/Prefabs/WaveSpawner.prefab
  artifactKey: Guid(53d02181f9b1b6642bf2601b2b30cd97) Importer(815301076,1909f56bfc062723c751e8b465ee728b)
Start importing Assets/Prefabs/WaveSpawner.prefab using Guid(53d02181f9b1b6642bf2601b2b30cd97) Importer(815301076,1909f56bfc062723c751e8b465ee728b)  -> (artifact id: '3da5ab87763ab6e50c736d49d35982ae') in 0.004139 seconds 
========================================================================
Received Prepare
Registering precompiled user dll's ...
Registered in 0.009582 seconds.
Begin MonoManager ReloadAssembly
Symbol file LoadedFromMemory doesn't match image C:\Users\henri\source\repos\Tower-Defense\Tower Defense\Library\PackageCache\com.unity.visualscripting@1.7.8\Editor\VisualScripting.Core\Dependencies\YamlDotNet\Unity.VisualScripting.YamlDotNet.dll
Symbol file LoadedFromMemory doesn't match image C:\Users\henri\source\repos\Tower-Defense\Tower Defense\Library\PackageCache\com.unity.visualscripting@1.7.8\Editor\VisualScripting.Core\Dependencies\DotNetZip\Unity.VisualScripting.IonicZip.dll
Native extension for WindowsStandalone target not found
Refreshing native plugins compatible for Editor in 0.62 ms, found 3 plugins.
Preloading 0 native plugins for Editor in 0.00 ms.
Mono: successfully reloaded assembly
- Completed reload, in  1.194 seconds
Domain Reload Profiling:
	ReloadAssembly (1194ms)
		BeginReloadAssembly (163ms)
			ExecutionOrderSort (0ms)
			DisableScriptedObjects (8ms)
			BackupInstance (0ms)
			ReleaseScriptingObjects (0ms)
			CreateAndSetChildDomain (35ms)
		EndReloadAssembly (898ms)
			LoadAssemblies (107ms)
			RebuildTransferFunctionScriptingTraits (0ms)
			SetupTypeCache (287ms)
			ReleaseScriptCaches (1ms)
			RebuildScriptCaches (45ms)
			SetupLoadedEditorAssemblies (413ms)
				LogAssemblyErrors (0ms)
				InitializePlatformSupportModulesInManaged (18ms)
				SetLoadedEditorAssemblies (1ms)
				RefreshPlugins (1ms)
				BeforeProcessingInitializeOnLoad (81ms)
				ProcessInitializeOnLoadAttributes (254ms)
				ProcessInitializeOnLoadMethodAttributes (37ms)
				AfterProcessingInitializeOnLoad (22ms)
				EditorAssembliesLoaded (0ms)
			ExecutionOrderSort2 (0ms)
			AwakeInstancesAfterBackupRestoration (8ms)
Platform modules already initialized, skipping
Refreshing native plugins compatible for Editor in 2.96 ms, found 3 plugins.
Preloading 0 native plugins for Editor in 0.00 ms.
Unloading 3352 Unused Serialized files (Serialized files now loaded: 0)
Unloading 18 unused Assets / (24.6 KB). Loaded Objects now: 3847.
Memory consumption went from 119.7 MB to 119.7 MB.
Total: 4.236300 ms (FindLiveObjects: 0.475000 ms CreateObjectMapping: 0.075700 ms MarkObjects: 3.657900 ms  DeleteObjects: 0.026500 ms)

AssetImportParameters requested are different than current active one (requested -> active):
  custom:video-decoder-ogg-theora: a1e56fd34408186e4bbccfd4996cb3dc -> 
  custom:container-muxer-webm: aa71ff27fc2769a1b78a27578f13a17b -> 
  custom:container-demuxer-webm: 4f35f7cbe854078d1ac9338744f61a02 -> 
  custom:video-encoder-webm-vp8: eb34c28f22e8b96e1ab97ce403110664 -> 
  custom:audio-encoder-webm-vorbis: bf7c407c2cedff20999df2af8eb42d56 -> 
  custom:framework-win-MediaFoundation: 216162199b28c13a410421893ffa2e32 -> 
  custom:container-demuxer-ogg: 62fdf1f143b41e24485cea50d1cbac27 -> 
  custom:video-decoder-webm-vp8: 9c59270c3fd7afecdb556c50c9e8de78 -> 
  custom:audio-decoder-ogg-vorbis: bf7c407c2cedff20999df2af8eb42d56 -> 
========================================================================
Received Import Request.
  Time since last request: 37.479530 seconds.
  path: Assets/Enemies/Basic/Basic/Enemie_Basic.prefab
  artifactKey: Guid(6157a2d2c4e5b4e4ba48a70308ee5ccd) Importer(815301076,1909f56bfc062723c751e8b465ee728b)
Start importing Assets/Enemies/Basic/Basic/Enemie_Basic.prefab using Guid(6157a2d2c4e5b4e4ba48a70308ee5ccd) Importer(815301076,1909f56bfc062723c751e8b465ee728b)  -> (artifact id: '59f6d87ce6e523f0ed46df55b615bdee') in 0.064891 seconds 
========================================================================
Received Import Request.
  Time since last request: 21.399998 seconds.
  path: Assets/Enemies/Tank/Enemie_Tank.prefab
  artifactKey: Guid(6157a2d2c4e5b4e4ba48a70308ee5ccd) Importer(815301076,1909f56bfc062723c751e8b465ee728b)
Start importing Assets/Enemies/Tank/Enemie_Tank.prefab using Guid(6157a2d2c4e5b4e4ba48a70308ee5ccd) Importer(815301076,1909f56bfc062723c751e8b465ee728b)  -> (artifact id: 'f056009ad0a0d60e2d701738358e62b9') in 0.013706 seconds 
========================================================================
Received Import Request.
  Time since last request: 102.310261 seconds.
  path: Assets/Scripts/Enemies/Enemy.cs
  artifactKey: Guid(56d1856a865af16469f5f1a3c91adf8b) Importer(815301076,1909f56bfc062723c751e8b465ee728b)
Start importing Assets/Scripts/Enemies/Enemy.cs using Guid(56d1856a865af16469f5f1a3c91adf8b) Importer(815301076,1909f56bfc062723c751e8b465ee728b)  -> (artifact id: '2c3d8ec41a2291d3ad0745a941cdc0e5') in 0.003391 seconds 
========================================================================
Received Import Request.
  Time since last request: 4.221824 seconds.
  path: Assets/Enemies/Basic/Enemie_Basic.prefab
  artifactKey: Guid(b543ca457aff2324b83e3c9dccd7fbc9) Importer(815301076,1909f56bfc062723c751e8b465ee728b)
Start importing Assets/Enemies/Basic/Enemie_Basic.prefab using Guid(b543ca457aff2324b83e3c9dccd7fbc9) Importer(815301076,1909f56bfc062723c751e8b465ee728b)  -> (artifact id: 'fa7e30e17392c7fd588c55232e96f568') in 0.007623 seconds 
========================================================================
Received Import Request.
  Time since last request: 0.311204 seconds.
  path: Assets/Enemies/Tank/Enemie_Tank.prefab
  artifactKey: Guid(6157a2d2c4e5b4e4ba48a70308ee5ccd) Importer(815301076,1909f56bfc062723c751e8b465ee728b)
Start importing Assets/Enemies/Tank/Enemie_Tank.prefab using Guid(6157a2d2c4e5b4e4ba48a70308ee5ccd) Importer(815301076,1909f56bfc062723c751e8b465ee728b)  -> (artifact id: '536a9208067cacece1b93d9e5dcd4373') in 0.007271 seconds 
========================================================================
Received Import Request.
  Time since last request: 29.783525 seconds.
  path: Assets/Enemies/Tank/Enemie_Tank.prefab
  artifactKey: Guid(6157a2d2c4e5b4e4ba48a70308ee5ccd) Importer(815301076,1909f56bfc062723c751e8b465ee728b)
Start importing Assets/Enemies/Tank/Enemie_Tank.prefab using Guid(6157a2d2c4e5b4e4ba48a70308ee5ccd) Importer(815301076,1909f56bfc062723c751e8b465ee728b)  -> (artifact id: 'c2da724b569a2a16acb3b0fbaa41bcdd') in 0.010657 seconds 
========================================================================
Received Prepare
Registering precompiled user dll's ...
Registered in 0.011425 seconds.
Begin MonoManager ReloadAssembly
Symbol file LoadedFromMemory doesn't match image C:\Users\henri\source\repos\Tower-Defense\Tower Defense\Library\PackageCache\com.unity.visualscripting@1.7.8\Editor\VisualScripting.Core\Dependencies\YamlDotNet\Unity.VisualScripting.YamlDotNet.dll
Symbol file LoadedFromMemory doesn't match image C:\Users\henri\source\repos\Tower-Defense\Tower Defense\Library\PackageCache\com.unity.visualscripting@1.7.8\Editor\VisualScripting.Core\Dependencies\DotNetZip\Unity.VisualScripting.IonicZip.dll
Native extension for WindowsStandalone target not found
Refreshing native plugins compatible for Editor in 0.58 ms, found 3 plugins.
Preloading 0 native plugins for Editor in 0.00 ms.
Mono: successfully reloaded assembly
- Completed reload, in  1.171 seconds
Domain Reload Profiling:
	ReloadAssembly (1172ms)
		BeginReloadAssembly (152ms)
			ExecutionOrderSort (0ms)
			DisableScriptedObjects (5ms)
			BackupInstance (0ms)
			ReleaseScriptingObjects (0ms)
			CreateAndSetChildDomain (36ms)
		EndReloadAssembly (889ms)
			LoadAssemblies (104ms)
			RebuildTransferFunctionScriptingTraits (0ms)
			SetupTypeCache (283ms)
			ReleaseScriptCaches (1ms)
			RebuildScriptCaches (43ms)
			SetupLoadedEditorAssemblies (410ms)
				LogAssemblyErrors (0ms)
				InitializePlatformSupportModulesInManaged (15ms)
				SetLoadedEditorAssemblies (1ms)
				RefreshPlugins (1ms)
				BeforeProcessingInitializeOnLoad (87ms)
				ProcessInitializeOnLoadAttributes (258ms)
				ProcessInitializeOnLoadMethodAttributes (33ms)
				AfterProcessingInitializeOnLoad (15ms)
				EditorAssembliesLoaded (0ms)
			ExecutionOrderSort2 (0ms)
			AwakeInstancesAfterBackupRestoration (7ms)
Platform modules already initialized, skipping
Refreshing native plugins compatible for Editor in 2.62 ms, found 3 plugins.
Preloading 0 native plugins for Editor in 0.00 ms.
Unloading 3352 Unused Serialized files (Serialized files now loaded: 0)
Unloading 18 unused Assets / (24.6 KB). Loaded Objects now: 3850.
Memory consumption went from 119.7 MB to 119.7 MB.
Total: 3.803100 ms (FindLiveObjects: 0.471600 ms CreateObjectMapping: 0.074700 ms MarkObjects: 3.055500 ms  DeleteObjects: 0.200400 ms)

AssetImportParameters requested are different than current active one (requested -> active):
  custom:video-decoder-ogg-theora: a1e56fd34408186e4bbccfd4996cb3dc -> 
  custom:container-muxer-webm: aa71ff27fc2769a1b78a27578f13a17b -> 
  custom:container-demuxer-webm: 4f35f7cbe854078d1ac9338744f61a02 -> 
  custom:video-encoder-webm-vp8: eb34c28f22e8b96e1ab97ce403110664 -> 
  custom:audio-encoder-webm-vorbis: bf7c407c2cedff20999df2af8eb42d56 -> 
  custom:framework-win-MediaFoundation: 216162199b28c13a410421893ffa2e32 -> 
  custom:container-demuxer-ogg: 62fdf1f143b41e24485cea50d1cbac27 -> 
  custom:video-decoder-webm-vp8: 9c59270c3fd7afecdb556c50c9e8de78 -> 
  custom:audio-decoder-ogg-vorbis: bf7c407c2cedff20999df2af8eb42d56 -> 
========================================================================
Received Import Request.
  Time since last request: 11.272319 seconds.
  path: Assets/Enemies/Basic/Enemie_Basic.prefab
  artifactKey: Guid(b543ca457aff2324b83e3c9dccd7fbc9) Importer(815301076,1909f56bfc062723c751e8b465ee728b)
Start importing Assets/Enemies/Basic/Enemie_Basic.prefab using Guid(b543ca457aff2324b83e3c9dccd7fbc9) Importer(815301076,1909f56bfc062723c751e8b465ee728b)  -> (artifact id: '6546da91ee135b543f907f701ca20ff4') in 0.062001 seconds 
========================================================================
Received Import Request.
  Time since last request: 8.131149 seconds.
  path: Assets/Enemies/Tank/Enemie_Tank.prefab
  artifactKey: Guid(6157a2d2c4e5b4e4ba48a70308ee5ccd) Importer(815301076,1909f56bfc062723c751e8b465ee728b)
Start importing Assets/Enemies/Tank/Enemie_Tank.prefab using Guid(6157a2d2c4e5b4e4ba48a70308ee5ccd) Importer(815301076,1909f56bfc062723c751e8b465ee728b)  -> (artifact id: 'cd9f39a91978179a22a55beef632a0bf') in 0.009067 seconds 
========================================================================
Received Import Request.
  Time since last request: 2.165526 seconds.
  path: Assets/Enemies/Tank/Enemie_Tank.prefab
  artifactKey: Guid(6157a2d2c4e5b4e4ba48a70308ee5ccd) Importer(815301076,1909f56bfc062723c751e8b465ee728b)
Start importing Assets/Enemies/Tank/Enemie_Tank.prefab using Guid(6157a2d2c4e5b4e4ba48a70308ee5ccd) Importer(815301076,1909f56bfc062723c751e8b465ee728b)  -> (artifact id: 'c3c169741bc093531e38ed09c312a908') in 0.007481 seconds 
========================================================================
Received Import Request.
  Time since last request: 3.049015 seconds.
  path: Assets/Enemies/Tank/Enemie_Tank.prefab
  artifactKey: Guid(6157a2d2c4e5b4e4ba48a70308ee5ccd) Importer(815301076,1909f56bfc062723c751e8b465ee728b)
Start importing Assets/Enemies/Tank/Enemie_Tank.prefab using Guid(6157a2d2c4e5b4e4ba48a70308ee5ccd) Importer(815301076,1909f56bfc062723c751e8b465ee728b)  -> (artifact id: 'e2fcfc8d376c7cbd1a1b38354f7a3f27') in 0.007882 seconds 
========================================================================
Received Import Request.
  Time since last request: 42.553425 seconds.
  path: Assets/Enemies/Tank
  artifactKey: Guid(de0c85542ae93b2428525d63ec11f819) Importer(815301076,1909f56bfc062723c751e8b465ee728b)
Start importing Assets/Enemies/Tank using Guid(de0c85542ae93b2428525d63ec11f819) Importer(815301076,1909f56bfc062723c751e8b465ee728b)  -> (artifact id: 'c178b1013fa74687a6f3447ac2e50058') in 0.006616 seconds 
========================================================================
Received Import Request.
  Time since last request: 229.412378 seconds.
  path: Assets/Enemies/Tank/Tank_Material.mat
  artifactKey: Guid(b51382766a97e704ab36948cd82380c5) Importer(815301076,1909f56bfc062723c751e8b465ee728b)
Start importing Assets/Enemies/Tank/Tank_Material.mat using Guid(b51382766a97e704ab36948cd82380c5) Importer(815301076,1909f56bfc062723c751e8b465ee728b)  -> (artifact id: '737b4e478423c05c3b5be7939088c658') in 0.046573 seconds 
========================================================================
Received Import Request.
  Time since last request: 13.811132 seconds.
  path: Assets/Enemies/Tank/Enemie_Tank.prefab
  artifactKey: Guid(6157a2d2c4e5b4e4ba48a70308ee5ccd) Importer(815301076,1909f56bfc062723c751e8b465ee728b)
Start importing Assets/Enemies/Tank/Enemie_Tank.prefab using Guid(6157a2d2c4e5b4e4ba48a70308ee5ccd) Importer(815301076,1909f56bfc062723c751e8b465ee728b)  -> (artifact id: '9d7df741c0997bce51b44c089e64c95f') in 0.008707 seconds 
========================================================================
Received Import Request.
  Time since last request: 14.656905 seconds.
  path: Assets/Enemies/Basic/Basic_Material.mat
  artifactKey: Guid(7cfe32984eda55d47a716ee5bb5b36c4) Importer(815301076,1909f56bfc062723c751e8b465ee728b)
Start importing Assets/Enemies/Basic/Basic_Material.mat using Guid(7cfe32984eda55d47a716ee5bb5b36c4) Importer(815301076,1909f56bfc062723c751e8b465ee728b)  -> (artifact id: 'ca3d96c216815a94fdc593ec49419a14') in 0.012887 seconds 
========================================================================
Received Import Request.
  Time since last request: 9.365068 seconds.
  path: Assets/Enemies/Basic/Enemie_Basic.prefab
  artifactKey: Guid(b543ca457aff2324b83e3c9dccd7fbc9) Importer(815301076,1909f56bfc062723c751e8b465ee728b)
Start importing Assets/Enemies/Basic/Enemie_Basic.prefab using Guid(b543ca457aff2324b83e3c9dccd7fbc9) Importer(815301076,1909f56bfc062723c751e8b465ee728b)  -> (artifact id: '227e5d95871fe6faca1386d379df3cc8') in 0.010280 seconds 
========================================================================
Received Import Request.
  Time since last request: 31.991881 seconds.
  path: Assets/Prefabs/WaveSpawner.prefab
  artifactKey: Guid(53d02181f9b1b6642bf2601b2b30cd97) Importer(815301076,1909f56bfc062723c751e8b465ee728b)
Start importing Assets/Prefabs/WaveSpawner.prefab using Guid(53d02181f9b1b6642bf2601b2b30cd97) Importer(815301076,1909f56bfc062723c751e8b465ee728b)  -> (artifact id: '646b950fb38bf2509c103ab9e7be7e0c') in 0.005611 seconds 
========================================================================
Received Import Request.
  Time since last request: 4.623426 seconds.
  path: Assets/Prefabs/WaveSpawner.prefab
  artifactKey: Guid(53d02181f9b1b6642bf2601b2b30cd97) Importer(815301076,1909f56bfc062723c751e8b465ee728b)
Start importing Assets/Prefabs/WaveSpawner.prefab using Guid(53d02181f9b1b6642bf2601b2b30cd97) Importer(815301076,1909f56bfc062723c751e8b465ee728b)  -> (artifact id: '9d625a240ee1f8187b2134cb22b20215') in 0.004230 seconds 
========================================================================
Received Import Request.
  Time since last request: 3.068047 seconds.
  path: Assets/Prefabs/WaveSpawner.prefab
  artifactKey: Guid(53d02181f9b1b6642bf2601b2b30cd97) Importer(815301076,1909f56bfc062723c751e8b465ee728b)
Start importing Assets/Prefabs/WaveSpawner.prefab using Guid(53d02181f9b1b6642bf2601b2b30cd97) Importer(815301076,1909f56bfc062723c751e8b465ee728b)  -> (artifact id: '128b2c151d2565a5a0a60cf004e728f8') in 0.004325 seconds 
========================================================================
Received Import Request.
  Time since last request: 1.801539 seconds.
  path: Assets/Prefabs/WaveSpawner.prefab
  artifactKey: Guid(53d02181f9b1b6642bf2601b2b30cd97) Importer(815301076,1909f56bfc062723c751e8b465ee728b)
Start importing Assets/Prefabs/WaveSpawner.prefab using Guid(53d02181f9b1b6642bf2601b2b30cd97) Importer(815301076,1909f56bfc062723c751e8b465ee728b)  -> (artifact id: '8f02e9f138c3773d60fee80a4d9ce5a1') in 0.005548 seconds 
========================================================================
Received Prepare
Registering precompiled user dll's ...
Registered in 0.009752 seconds.
Begin MonoManager ReloadAssembly
Symbol file LoadedFromMemory doesn't match image C:\Users\henri\source\repos\Tower-Defense\Tower Defense\Library\PackageCache\com.unity.visualscripting@1.7.8\Editor\VisualScripting.Core\Dependencies\YamlDotNet\Unity.VisualScripting.YamlDotNet.dll
Symbol file LoadedFromMemory doesn't match image C:\Users\henri\source\repos\Tower-Defense\Tower Defense\Library\PackageCache\com.unity.visualscripting@1.7.8\Editor\VisualScripting.Core\Dependencies\DotNetZip\Unity.VisualScripting.IonicZip.dll
Native extension for WindowsStandalone target not found
Refreshing native plugins compatible for Editor in 0.58 ms, found 3 plugins.
Preloading 0 native plugins for Editor in 0.00 ms.
Mono: successfully reloaded assembly
- Completed reload, in  1.154 seconds
Domain Reload Profiling:
	ReloadAssembly (1154ms)
		BeginReloadAssembly (159ms)
			ExecutionOrderSort (0ms)
			DisableScriptedObjects (5ms)
			BackupInstance (0ms)
			ReleaseScriptingObjects (0ms)
			CreateAndSetChildDomain (35ms)
		EndReloadAssembly (867ms)
			LoadAssemblies (110ms)
			RebuildTransferFunctionScriptingTraits (0ms)
			SetupTypeCache (276ms)
			ReleaseScriptCaches (1ms)
			RebuildScriptCaches (43ms)
			SetupLoadedEditorAssemblies (398ms)
				LogAssemblyErrors (0ms)
				InitializePlatformSupportModulesInManaged (15ms)
				SetLoadedEditorAssemblies (1ms)
				RefreshPlugins (1ms)
				BeforeProcessingInitializeOnLoad (81ms)
				ProcessInitializeOnLoadAttributes (249ms)
				ProcessInitializeOnLoadMethodAttributes (35ms)
				AfterProcessingInitializeOnLoad (16ms)
				EditorAssembliesLoaded (0ms)
			ExecutionOrderSort2 (0ms)
			AwakeInstancesAfterBackupRestoration (8ms)
Platform modules already initialized, skipping
Refreshing native plugins compatible for Editor in 3.10 ms, found 3 plugins.
Preloading 0 native plugins for Editor in 0.00 ms.
Unloading 3352 Unused Serialized files (Serialized files now loaded: 0)
Unloading 18 unused Assets / (24.6 KB). Loaded Objects now: 3886.
Memory consumption went from 120.0 MB to 120.0 MB.
Total: 3.457800 ms (FindLiveObjects: 0.277200 ms CreateObjectMapping: 0.074700 ms MarkObjects: 3.077300 ms  DeleteObjects: 0.027400 ms)

AssetImportParameters requested are different than current active one (requested -> active):
  custom:video-decoder-ogg-theora: a1e56fd34408186e4bbccfd4996cb3dc -> 
  custom:container-muxer-webm: aa71ff27fc2769a1b78a27578f13a17b -> 
  custom:container-demuxer-webm: 4f35f7cbe854078d1ac9338744f61a02 -> 
  custom:video-encoder-webm-vp8: eb34c28f22e8b96e1ab97ce403110664 -> 
  custom:audio-encoder-webm-vorbis: bf7c407c2cedff20999df2af8eb42d56 -> 
  custom:framework-win-MediaFoundation: 216162199b28c13a410421893ffa2e32 -> 
  custom:container-demuxer-ogg: 62fdf1f143b41e24485cea50d1cbac27 -> 
  custom:video-decoder-webm-vp8: 9c59270c3fd7afecdb556c50c9e8de78 -> 
  custom:audio-decoder-ogg-vorbis: bf7c407c2cedff20999df2af8eb42d56 -> 
========================================================================
Received Import Request.
  Time since last request: 46.741552 seconds.
  path: Assets/Enemies/Basic/Basic/Basic_Material.mat
  artifactKey: Guid(116248aa60ebb5e4dbea8e9cb824f7c3) Importer(815301076,1909f56bfc062723c751e8b465ee728b)
Start importing Assets/Enemies/Basic/Basic/Basic_Material.mat using Guid(116248aa60ebb5e4dbea8e9cb824f7c3) Importer(815301076,1909f56bfc062723c751e8b465ee728b)  -> (artifact id: '3b2636c52c17f45696a30f469b039877') in 0.084288 seconds 
========================================================================
Received Import Request.
  Time since last request: 15.473449 seconds.
  path: Assets/Enemies/Fast/Enemie_Fast.prefab
  artifactKey: Guid(5bc79df6f71c577499c68340f9ba470f) Importer(815301076,1909f56bfc062723c751e8b465ee728b)
Start importing Assets/Enemies/Fast/Enemie_Fast.prefab using Guid(5bc79df6f71c577499c68340f9ba470f) Importer(815301076,1909f56bfc062723c751e8b465ee728b)  -> (artifact id: 'a910b7bd5d1b5b5dada31b0f2ba7b89d') in 0.025856 seconds 
========================================================================
Received Import Request.
  Time since last request: 7.379649 seconds.
  path: Assets/Enemies/Fast/Fast_Material.mat
  artifactKey: Guid(116248aa60ebb5e4dbea8e9cb824f7c3) Importer(815301076,1909f56bfc062723c751e8b465ee728b)
Start importing Assets/Enemies/Fast/Fast_Material.mat using Guid(116248aa60ebb5e4dbea8e9cb824f7c3) Importer(815301076,1909f56bfc062723c751e8b465ee728b)  -> (artifact id: '60d1a2881eb9fd95b254a79af41a33f2') in 0.011567 seconds 
========================================================================
Received Import Request.
  Time since last request: 5.855398 seconds.
  path: Assets/Enemies/Fast/Enemie_Fast.prefab
  artifactKey: Guid(5bc79df6f71c577499c68340f9ba470f) Importer(815301076,1909f56bfc062723c751e8b465ee728b)
Start importing Assets/Enemies/Fast/Enemie_Fast.prefab using Guid(5bc79df6f71c577499c68340f9ba470f) Importer(815301076,1909f56bfc062723c751e8b465ee728b)  -> (artifact id: 'ddeff1c07ae5846eb95fb011e82aa9ea') in 0.008768 seconds 
========================================================================
Received Import Request.
  Time since last request: 7.521138 seconds.
  path: Assets/Enemies/Fast/Enemie_Fast.prefab
  artifactKey: Guid(5bc79df6f71c577499c68340f9ba470f) Importer(815301076,1909f56bfc062723c751e8b465ee728b)
Start importing Assets/Enemies/Fast/Enemie_Fast.prefab using Guid(5bc79df6f71c577499c68340f9ba470f) Importer(815301076,1909f56bfc062723c751e8b465ee728b)  -> (artifact id: '9211680dda05ff49887b1fbdbcb5bd69') in 0.009802 seconds 
========================================================================
Received Import Request.
  Time since last request: 3.005533 seconds.
  path: Assets/Enemies/Fast/Enemie_Fast.prefab
  artifactKey: Guid(5bc79df6f71c577499c68340f9ba470f) Importer(815301076,1909f56bfc062723c751e8b465ee728b)
Start importing Assets/Enemies/Fast/Enemie_Fast.prefab using Guid(5bc79df6f71c577499c68340f9ba470f) Importer(815301076,1909f56bfc062723c751e8b465ee728b)  -> (artifact id: '6f2b33ade89652f324daa50386dab9cd') in 0.008304 seconds 
========================================================================
Received Import Request.
  Time since last request: 2.193282 seconds.
  path: Assets/Enemies/Fast/Enemie_Fast.prefab
  artifactKey: Guid(5bc79df6f71c577499c68340f9ba470f) Importer(815301076,1909f56bfc062723c751e8b465ee728b)
Start importing Assets/Enemies/Fast/Enemie_Fast.prefab using Guid(5bc79df6f71c577499c68340f9ba470f) Importer(815301076,1909f56bfc062723c751e8b465ee728b)  -> (artifact id: '492e132ed86477b7a3d9cdcb5b65dd38') in 0.008259 seconds 
========================================================================
Received Import Request.
  Time since last request: 6.556645 seconds.
  path: Assets/Prefabs/WaveSpawner.prefab
  artifactKey: Guid(53d02181f9b1b6642bf2601b2b30cd97) Importer(815301076,1909f56bfc062723c751e8b465ee728b)
Start importing Assets/Prefabs/WaveSpawner.prefab using Guid(53d02181f9b1b6642bf2601b2b30cd97) Importer(815301076,1909f56bfc062723c751e8b465ee728b)  -> (artifact id: 'f96ee60b3a7a3c599b98de9944a2de07') in 0.005173 seconds 
========================================================================
Received Import Request.
  Time since last request: 10.305070 seconds.
  path: Assets/Prefabs/WaveSpawner.prefab
  artifactKey: Guid(53d02181f9b1b6642bf2601b2b30cd97) Importer(815301076,1909f56bfc062723c751e8b465ee728b)
Start importing Assets/Prefabs/WaveSpawner.prefab using Guid(53d02181f9b1b6642bf2601b2b30cd97) Importer(815301076,1909f56bfc062723c751e8b465ee728b)  -> (artifact id: 'db35373960988680941113b58dd90eed') in 0.005924 seconds 
========================================================================
Received Import Request.
  Time since last request: 3.003669 seconds.
  path: Assets/Prefabs/WaveSpawner.prefab
  artifactKey: Guid(53d02181f9b1b6642bf2601b2b30cd97) Importer(815301076,1909f56bfc062723c751e8b465ee728b)
Start importing Assets/Prefabs/WaveSpawner.prefab using Guid(53d02181f9b1b6642bf2601b2b30cd97) Importer(815301076,1909f56bfc062723c751e8b465ee728b)  -> (artifact id: '70a0179efaef1604d7be31cb8f0cb0d8') in 0.005991 seconds 
========================================================================
Received Import Request.
  Time since last request: 3.131899 seconds.
  path: Assets/Prefabs/WaveSpawner.prefab
  artifactKey: Guid(53d02181f9b1b6642bf2601b2b30cd97) Importer(815301076,1909f56bfc062723c751e8b465ee728b)
Start importing Assets/Prefabs/WaveSpawner.prefab using Guid(53d02181f9b1b6642bf2601b2b30cd97) Importer(815301076,1909f56bfc062723c751e8b465ee728b)  -> (artifact id: '8b31cd89f130273ca4e5b1c2ce18797e') in 0.004878 seconds 
========================================================================
Received Import Request.
  Time since last request: 0.009681 seconds.
  path: Assets/Enemies/Fast/Enemie_Fast.prefab
  artifactKey: Guid(5bc79df6f71c577499c68340f9ba470f) Importer(815301076,1909f56bfc062723c751e8b465ee728b)
Start importing Assets/Enemies/Fast/Enemie_Fast.prefab using Guid(5bc79df6f71c577499c68340f9ba470f) Importer(815301076,1909f56bfc062723c751e8b465ee728b)  -> (artifact id: '2027601c4ee0883508c861e0315dea0b') in 0.013359 seconds 
========================================================================
Received Prepare
Registering precompiled user dll's ...
Registered in 0.010479 seconds.
Begin MonoManager ReloadAssembly
Symbol file LoadedFromMemory doesn't match image C:\Users\henri\source\repos\Tower-Defense\Tower Defense\Library\PackageCache\com.unity.visualscripting@1.7.8\Editor\VisualScripting.Core\Dependencies\YamlDotNet\Unity.VisualScripting.YamlDotNet.dll
Symbol file LoadedFromMemory doesn't match image C:\Users\henri\source\repos\Tower-Defense\Tower Defense\Library\PackageCache\com.unity.visualscripting@1.7.8\Editor\VisualScripting.Core\Dependencies\DotNetZip\Unity.VisualScripting.IonicZip.dll
Native extension for WindowsStandalone target not found
Refreshing native plugins compatible for Editor in 0.81 ms, found 3 plugins.
Preloading 0 native plugins for Editor in 0.00 ms.
Mono: successfully reloaded assembly
- Completed reload, in  1.215 seconds
Domain Reload Profiling:
	ReloadAssembly (1216ms)
		BeginReloadAssembly (154ms)
			ExecutionOrderSort (0ms)
			DisableScriptedObjects (5ms)
			BackupInstance (0ms)
			ReleaseScriptingObjects (0ms)
			CreateAndSetChildDomain (35ms)
		EndReloadAssembly (930ms)
			LoadAssemblies (106ms)
			RebuildTransferFunctionScriptingTraits (0ms)
			SetupTypeCache (289ms)
			ReleaseScriptCaches (1ms)
			RebuildScriptCaches (47ms)
			SetupLoadedEditorAssemblies (435ms)
				LogAssemblyErrors (0ms)
				InitializePlatformSupportModulesInManaged (19ms)
				SetLoadedEditorAssemblies (1ms)
				RefreshPlugins (1ms)
				BeforeProcessingInitializeOnLoad (89ms)
				ProcessInitializeOnLoadAttributes (274ms)
				ProcessInitializeOnLoadMethodAttributes (35ms)
				AfterProcessingInitializeOnLoad (16ms)
				EditorAssembliesLoaded (0ms)
			ExecutionOrderSort2 (0ms)
			AwakeInstancesAfterBackupRestoration (8ms)
Platform modules already initialized, skipping
Refreshing native plugins compatible for Editor in 2.77 ms, found 3 plugins.
Preloading 0 native plugins for Editor in 0.00 ms.
Unloading 3352 Unused Serialized files (Serialized files now loaded: 0)
Unloading 18 unused Assets / (24.7 KB). Loaded Objects now: 3889.
Memory consumption went from 120.0 MB to 120.0 MB.
Total: 4.154200 ms (FindLiveObjects: 0.313200 ms CreateObjectMapping: 0.075600 ms MarkObjects: 3.736500 ms  DeleteObjects: 0.027700 ms)

AssetImportParameters requested are different than current active one (requested -> active):
  custom:video-decoder-ogg-theora: a1e56fd34408186e4bbccfd4996cb3dc -> 
  custom:container-muxer-webm: aa71ff27fc2769a1b78a27578f13a17b -> 
  custom:container-demuxer-webm: 4f35f7cbe854078d1ac9338744f61a02 -> 
  custom:video-encoder-webm-vp8: eb34c28f22e8b96e1ab97ce403110664 -> 
  custom:audio-encoder-webm-vorbis: bf7c407c2cedff20999df2af8eb42d56 -> 
  custom:framework-win-MediaFoundation: 216162199b28c13a410421893ffa2e32 -> 
  custom:container-demuxer-ogg: 62fdf1f143b41e24485cea50d1cbac27 -> 
  custom:video-decoder-webm-vp8: 9c59270c3fd7afecdb556c50c9e8de78 -> 
  custom:audio-decoder-ogg-vorbis: bf7c407c2cedff20999df2af8eb42d56 -> 
